Using pre-set license
Built from '2021.3/staging' branch; Version is '2021.3.11f1 (0a5ca18544bf) revision 679073'; Using compiler version '192829333'; Build Type 'Release'
OS: 'Windows 10  (10.0.19044) 64bit Professional' Language: 'ru' Physical Memory: 14188 MB
BatchMode: 1, IsHumanControllingUs: 0, StartBugReporterOnCrash: 0, Is64bit: 1, IsPro: 1

COMMAND LINE ARGUMENTS:
C:\Program Files\Unity\Hub\Editor\2021.3.11f1\Editor\Unity.exe
-adb2
-batchMode
-noUpm
-name
AssetImportWorker1
-projectPath
C:/Users/Millionaire/Documents/GitHub/Capsule_of_Persia/Capsule_of_Persia
-logFile
Logs/AssetImportWorker1.log
-srvPort
57873
Successfully changed project path to: C:/Users/Millionaire/Documents/GitHub/Capsule_of_Persia/Capsule_of_Persia
C:/Users/Millionaire/Documents/GitHub/Capsule_of_Persia/Capsule_of_Persia
[UnityMemory] Configuration Parameters - Can be set up in boot.config
    "memorysetup-bucket-allocator-granularity=16"
    "memorysetup-bucket-allocator-bucket-count=8"
    "memorysetup-bucket-allocator-block-size=33554432"
    "memorysetup-bucket-allocator-block-count=8"
    "memorysetup-main-allocator-block-size=16777216"
    "memorysetup-thread-allocator-block-size=16777216"
    "memorysetup-gfx-main-allocator-block-size=16777216"
    "memorysetup-gfx-thread-allocator-block-size=16777216"
    "memorysetup-cache-allocator-block-size=4194304"
    "memorysetup-typetree-allocator-block-size=2097152"
    "memorysetup-profiler-bucket-allocator-granularity=16"
    "memorysetup-profiler-bucket-allocator-bucket-count=8"
    "memorysetup-profiler-bucket-allocator-block-size=33554432"
    "memorysetup-profiler-bucket-allocator-block-count=8"
    "memorysetup-profiler-allocator-block-size=16777216"
    "memorysetup-profiler-editor-allocator-block-size=1048576"
    "memorysetup-temp-allocator-size-main=16777216"
    "memorysetup-job-temp-allocator-block-size=2097152"
    "memorysetup-job-temp-allocator-block-size-background=1048576"
    "memorysetup-job-temp-allocator-reduction-small-platforms=262144"
    "memorysetup-temp-allocator-size-background-worker=32768"
    "memorysetup-temp-allocator-size-job-worker=262144"
    "memorysetup-temp-allocator-size-preload-manager=33554432"
    "memorysetup-temp-allocator-size-nav-mesh-worker=65536"
    "memorysetup-temp-allocator-size-audio-worker=65536"
    "memorysetup-temp-allocator-size-cloud-worker=32768"
    "memorysetup-temp-allocator-size-gi-baking-worker=262144"
    "memorysetup-temp-allocator-size-gfx=262144"
Refreshing native plugins compatible for Editor in 113.81 ms, found 3 plugins.
Preloading 0 native plugins for Editor in 0.00 ms.
Initialize engine version: 2021.3.11f1 (0a5ca18544bf)
[Subsystems] Discovering subsystems at path C:/Program Files/Unity/Hub/Editor/2021.3.11f1/Editor/Data/Resources/UnitySubsystems
[Subsystems] Discovering subsystems at path C:/Users/Millionaire/Documents/GitHub/Capsule_of_Persia/Capsule_of_Persia/Assets
GfxDevice: creating device client; threaded=0; jobified=0
Direct3D:
    Version:  Direct3D 11.0 [level 11.1]
    Renderer: NVIDIA GeForce RTX 3050 Ti Laptop GPU (ID=0x25a0)
    Vendor:   NVIDIA
    VRAM:     3993 MB
    Driver:   30.0.15.1236
Initialize mono
Mono path[0] = 'C:/Program Files/Unity/Hub/Editor/2021.3.11f1/Editor/Data/Managed'
Mono path[1] = 'C:/Program Files/Unity/Hub/Editor/2021.3.11f1/Editor/Data/MonoBleedingEdge/lib/mono/unityjit-win32'
Mono config path = 'C:/Program Files/Unity/Hub/Editor/2021.3.11f1/Editor/Data/MonoBleedingEdge/etc'
Using monoOptions --debugger-agent=transport=dt_socket,embedding=1,server=y,suspend=n,address=127.0.0.1:56556
Begin MonoManager ReloadAssembly
Registering precompiled unity dll's ...
Register platform support module: C:/Program Files/Unity/Hub/Editor/2021.3.11f1/Editor/Data/PlaybackEngines/WebGLSupport/UnityEditor.WebGL.Extensions.dll
Register platform support module: C:/Program Files/Unity/Hub/Editor/2021.3.11f1/Editor/Data/PlaybackEngines/WindowsStandaloneSupport/UnityEditor.WindowsStandalone.Extensions.dll
Registered in 0.006411 seconds.
Native extension for WindowsStandalone target not found
Native extension for WebGL target not found
Refreshing native plugins compatible for Editor in 110.59 ms, found 3 plugins.
Preloading 0 native plugins for Editor in 0.00 ms.
Mono: successfully reloaded assembly
- Completed reload, in  0.619 seconds
Domain Reload Profiling:
	ReloadAssembly (620ms)
		BeginReloadAssembly (66ms)
			ExecutionOrderSort (0ms)
			DisableScriptedObjects (0ms)
			BackupInstance (0ms)
			ReleaseScriptingObjects (0ms)
			CreateAndSetChildDomain (1ms)
		EndReloadAssembly (464ms)
			LoadAssemblies (64ms)
			RebuildTransferFunctionScriptingTraits (0ms)
			SetupTypeCache (86ms)
			ReleaseScriptCaches (0ms)
			RebuildScriptCaches (21ms)
			SetupLoadedEditorAssemblies (311ms)
				LogAssemblyErrors (0ms)
				InitializePlatformSupportModulesInManaged (8ms)
				SetLoadedEditorAssemblies (0ms)
				RefreshPlugins (111ms)
				BeforeProcessingInitializeOnLoad (1ms)
				ProcessInitializeOnLoadAttributes (147ms)
				ProcessInitializeOnLoadMethodAttributes (45ms)
				AfterProcessingInitializeOnLoad (0ms)
				EditorAssembliesLoaded (0ms)
			ExecutionOrderSort2 (0ms)
			AwakeInstancesAfterBackupRestoration (0ms)
Platform modules already initialized, skipping
Registering precompiled user dll's ...
Registered in 0.004919 seconds.
Begin MonoManager ReloadAssembly
Symbol file LoadedFromMemory doesn't match image C:\Users\Millionaire\Documents\GitHub\Capsule_of_Persia\Capsule_of_Persia\Library\PackageCache\com.unity.visualscripting@1.7.8\Editor\VisualScripting.Core\Dependencies\YamlDotNet\Unity.VisualScripting.YamlDotNet.dll
Symbol file LoadedFromMemory doesn't match image C:\Users\Millionaire\Documents\GitHub\Capsule_of_Persia\Capsule_of_Persia\Library\PackageCache\com.unity.visualscripting@1.7.8\Editor\VisualScripting.Core\Dependencies\DotNetZip\Unity.VisualScripting.IonicZip.dll
Native extension for WindowsStandalone target not found
Native extension for WebGL target not found
Refreshing native plugins compatible for Editor in 2.11 ms, found 3 plugins.
Preloading 0 native plugins for Editor in 0.00 ms.
Mono: successfully reloaded assembly
- Completed reload, in  1.150 seconds
Domain Reload Profiling:
	ReloadAssembly (1150ms)
		BeginReloadAssembly (130ms)
			ExecutionOrderSort (0ms)
			DisableScriptedObjects (6ms)
			BackupInstance (0ms)
			ReleaseScriptingObjects (0ms)
			CreateAndSetChildDomain (25ms)
		EndReloadAssembly (899ms)
			LoadAssemblies (100ms)
			RebuildTransferFunctionScriptingTraits (0ms)
			SetupTypeCache (315ms)
			ReleaseScriptCaches (1ms)
			RebuildScriptCaches (64ms)
			SetupLoadedEditorAssemblies (387ms)
				LogAssemblyErrors (0ms)
				InitializePlatformSupportModulesInManaged (7ms)
				SetLoadedEditorAssemblies (0ms)
				RefreshPlugins (2ms)
				BeforeProcessingInitializeOnLoad (87ms)
				ProcessInitializeOnLoadAttributes (255ms)
				ProcessInitializeOnLoadMethodAttributes (28ms)
				AfterProcessingInitializeOnLoad (8ms)
				EditorAssembliesLoaded (0ms)
			ExecutionOrderSort2 (0ms)
			AwakeInstancesAfterBackupRestoration (6ms)
Platform modules already initialized, skipping
========================================================================
Worker process is ready to serve import requests
Launched and connected shader compiler UnityShaderCompiler.exe after 0.05 seconds
Refreshing native plugins compatible for Editor in 1.67 ms, found 3 plugins.
Preloading 0 native plugins for Editor in 0.00 ms.
Unloading 3472 Unused Serialized files (Serialized files now loaded: 0)
Unloading 27 unused Assets / (114.3 KB). Loaded Objects now: 3939.
Memory consumption went from 130.7 MB to 130.6 MB.
Total: 4.103400 ms (FindLiveObjects: 0.371900 ms CreateObjectMapping: 0.123800 ms MarkObjects: 3.470100 ms  DeleteObjects: 0.136300 ms)

AssetImportParameters requested are different than current active one (requested -> active):
  custom:video-decoder-ogg-theora: a1e56fd34408186e4bbccfd4996cb3dc -> 
  custom:container-muxer-webm: aa71ff27fc2769a1b78a27578f13a17b -> 
  custom:container-demuxer-webm: 4f35f7cbe854078d1ac9338744f61a02 -> 
  custom:video-encoder-webm-vp8: eb34c28f22e8b96e1ab97ce403110664 -> 
  custom:audio-encoder-webm-vorbis: bf7c407c2cedff20999df2af8eb42d56 -> 
  custom:framework-win-MediaFoundation: 216162199b28c13a410421893ffa2e32 -> 
  custom:container-demuxer-ogg: 62fdf1f143b41e24485cea50d1cbac27 -> 
  custom:video-decoder-webm-vp8: 9c59270c3fd7afecdb556c50c9e8de78 -> 
  custom:audio-decoder-ogg-vorbis: bf7c407c2cedff20999df2af8eb42d56 -> 
========================================================================
Received Import Request.
  Time since last request: 477787.260493 seconds.
  path: Assets/Prefabs/Rocket.prefab
  artifactKey: Guid(3f87ee4b9aee3224e93531dd4ef33a9b) Importer(815301076,1909f56bfc062723c751e8b465ee728b)
Start importing Assets/Prefabs/Rocket.prefab using Guid(3f87ee4b9aee3224e93531dd4ef33a9b) Importer(815301076,1909f56bfc062723c751e8b465ee728b)  -> (artifact id: '0a43db21c1730ac5a831f3920dcc4c95') in 0.123973 seconds 
========================================================================
Received Import Request.
  Time since last request: 25.880693 seconds.
  path: Assets/PolygonFantasyKingdom/Prefabs/Generic/SM_Generic_Cloud_02.prefab
  artifactKey: Guid(ce2ed080f5d824a43b6d42d0847e4865) Importer(815301076,1909f56bfc062723c751e8b465ee728b)
Start importing Assets/PolygonFantasyKingdom/Prefabs/Generic/SM_Generic_Cloud_02.prefab using Guid(ce2ed080f5d824a43b6d42d0847e4865) Importer(815301076,1909f56bfc062723c751e8b465ee728b)  -> (artifact id: '12836a5365da34cb251fe8ebfa69386a') in 0.096661 seconds 
========================================================================
Received Import Request.
  Time since last request: 0.000046 seconds.
  path: Assets/PolygonFantasyKingdom/Prefabs/Generic/SM_Generic_Cloud_03.prefab
  artifactKey: Guid(b68fb4865e4ff9e4888b381296c8a832) Importer(815301076,1909f56bfc062723c751e8b465ee728b)
Start importing Assets/PolygonFantasyKingdom/Prefabs/Generic/SM_Generic_Cloud_03.prefab using Guid(b68fb4865e4ff9e4888b381296c8a832) Importer(815301076,1909f56bfc062723c751e8b465ee728b)  -> (artifact id: 'c8ac530199694cef3101f96db266eba0') in 0.073235 seconds 
========================================================================
Received Import Request.
  Time since last request: 0.000061 seconds.
  path: Assets/PolygonFantasyKingdom/Prefabs/Generic/SM_Generic_Mountains_Grass_02.prefab
  artifactKey: Guid(57fb6ee7806531e47a024bd9581f8972) Importer(815301076,1909f56bfc062723c751e8b465ee728b)
Start importing Assets/PolygonFantasyKingdom/Prefabs/Generic/SM_Generic_Mountains_Grass_02.prefab using Guid(57fb6ee7806531e47a024bd9581f8972) Importer(815301076,1909f56bfc062723c751e8b465ee728b)  -> (artifact id: '56d9c85229ecd200e5acdca3d3f3f3df') in 0.045128 seconds 
========================================================================
Received Import Request.
  Time since last request: 0.000029 seconds.
  path: Assets/PolygonFantasyKingdom/Prefabs/Generic/SM_Generic_Tree_03.prefab
  artifactKey: Guid(de702141d2a89ce4c93857c24ce86c15) Importer(815301076,1909f56bfc062723c751e8b465ee728b)
Start importing Assets/PolygonFantasyKingdom/Prefabs/Generic/SM_Generic_Tree_03.prefab using Guid(de702141d2a89ce4c93857c24ce86c15) Importer(815301076,1909f56bfc062723c751e8b465ee728b)  -> (artifact id: '5e258038c9a3695d925b12566f35d9d2') in 0.057885 seconds 
========================================================================
Received Import Request.
  Time since last request: 0.000024 seconds.
  path: Assets/PolygonFantasyKingdom/Prefabs/Generic/SM_Generic_Tree_01.prefab
  artifactKey: Guid(61877f331102af44290090ae5ba013c9) Importer(815301076,1909f56bfc062723c751e8b465ee728b)
Start importing Assets/PolygonFantasyKingdom/Prefabs/Generic/SM_Generic_Tree_01.prefab using Guid(61877f331102af44290090ae5ba013c9) Importer(815301076,1909f56bfc062723c751e8b465ee728b)  -> (artifact id: '3e2735bfecccaad25d6a542c2cfae761') in 0.052608 seconds 
========================================================================
Received Import Request.
  Time since last request: 0.000029 seconds.
  path: Assets/PolygonFantasyKingdom/Prefabs/Generic/SM_Generic_Mountains_Snow_02.prefab
  artifactKey: Guid(a2fc6093d2f71b748b354598964dd3b2) Importer(815301076,1909f56bfc062723c751e8b465ee728b)
Start importing Assets/PolygonFantasyKingdom/Prefabs/Generic/SM_Generic_Mountains_Snow_02.prefab using Guid(a2fc6093d2f71b748b354598964dd3b2) Importer(815301076,1909f56bfc062723c751e8b465ee728b)  -> (artifact id: '93dfc5d4adf00547feb52f9201258161') in 0.057101 seconds 
========================================================================
Received Import Request.
  Time since last request: 0.000037 seconds.
  path: Assets/PolygonFantasyKingdom/Prefabs/Generic/SM_Generic_Grass_Patch_02.prefab
  artifactKey: Guid(be4db02a3a0b4234b8459de1d4ff53e5) Importer(815301076,1909f56bfc062723c751e8b465ee728b)
Start importing Assets/PolygonFantasyKingdom/Prefabs/Generic/SM_Generic_Grass_Patch_02.prefab using Guid(be4db02a3a0b4234b8459de1d4ff53e5) Importer(815301076,1909f56bfc062723c751e8b465ee728b)  -> (artifact id: 'bcc1498961821fd63a24856c484a544d') in 0.055808 seconds 
========================================================================
Received Import Request.
  Time since last request: 0.000069 seconds.
  path: Assets/PolygonFantasyKingdom/Prefabs/Generic/SM_Generic_Cloud_04.prefab
  artifactKey: Guid(2e7bc33a0aa05f84491fd0330c14d73c) Importer(815301076,1909f56bfc062723c751e8b465ee728b)
Start importing Assets/PolygonFantasyKingdom/Prefabs/Generic/SM_Generic_Cloud_04.prefab using Guid(2e7bc33a0aa05f84491fd0330c14d73c) Importer(815301076,1909f56bfc062723c751e8b465ee728b)  -> (artifact id: 'a0c85ffe4c29ab83b10bf29d87737cb6') in 0.056950 seconds 
========================================================================
Received Import Request.
  Time since last request: 0.000037 seconds.
  path: Assets/PolygonFantasyKingdom/Prefabs/Generic/SM_Generic_Small_Rocks_02.prefab
  artifactKey: Guid(9edb4b4529dd6c84c8f026bdf091729d) Importer(815301076,1909f56bfc062723c751e8b465ee728b)
Start importing Assets/PolygonFantasyKingdom/Prefabs/Generic/SM_Generic_Small_Rocks_02.prefab using Guid(9edb4b4529dd6c84c8f026bdf091729d) Importer(815301076,1909f56bfc062723c751e8b465ee728b)  -> (artifact id: 'fa909b8002293ca946b80999b80313e9') in 0.057499 seconds 
========================================================================
Received Import Request.
  Time since last request: 0.000027 seconds.
  path: Assets/PolygonFantasyKingdom/Prefabs/Generic/SM_Generic_Small_Rocks_01.prefab
  artifactKey: Guid(f089fdfc61cbf934f96e05119a0a693f) Importer(815301076,1909f56bfc062723c751e8b465ee728b)
Start importing Assets/PolygonFantasyKingdom/Prefabs/Generic/SM_Generic_Small_Rocks_01.prefab using Guid(f089fdfc61cbf934f96e05119a0a693f) Importer(815301076,1909f56bfc062723c751e8b465ee728b)  -> (artifact id: 'b708e66e6259ef4e92802426f9f85171') in 0.049495 seconds 
========================================================================
Received Import Request.
  Time since last request: 416.843541 seconds.
  path: Assets/PolygonFantasyKingdom/Prefabs/Generic/SM_Generic_Cloud_02.prefab
  artifactKey: Guid(ce2ed080f5d824a43b6d42d0847e4865) Importer(815301076,1909f56bfc062723c751e8b465ee728b)
Start importing Assets/PolygonFantasyKingdom/Prefabs/Generic/SM_Generic_Cloud_02.prefab using Guid(ce2ed080f5d824a43b6d42d0847e4865) Importer(815301076,1909f56bfc062723c751e8b465ee728b)  -> (artifact id: 'c4a0ab0be8dc53dad9e038a80720a0a6') in 0.043231 seconds 
========================================================================
Received Import Request.
  Time since last request: 0.000034 seconds.
  path: Assets/PolygonFantasyKingdom/Prefabs/Generic/SM_Generic_Mountains_Snow_01.prefab
  artifactKey: Guid(201e9761e8cc5814091db4c8e1849032) Importer(815301076,1909f56bfc062723c751e8b465ee728b)
Start importing Assets/PolygonFantasyKingdom/Prefabs/Generic/SM_Generic_Mountains_Snow_01.prefab using Guid(201e9761e8cc5814091db4c8e1849032) Importer(815301076,1909f56bfc062723c751e8b465ee728b)  -> (artifact id: 'e1a9a04b7c665b089f5126c685a09141') in 0.034216 seconds 
========================================================================
Received Import Request.
  Time since last request: 0.000048 seconds.
  path: Assets/PolygonFantasyKingdom/Prefabs/Generic/SM_Generic_Mountains_Grass_02.prefab
  artifactKey: Guid(57fb6ee7806531e47a024bd9581f8972) Importer(815301076,1909f56bfc062723c751e8b465ee728b)
Start importing Assets/PolygonFantasyKingdom/Prefabs/Generic/SM_Generic_Mountains_Grass_02.prefab using Guid(57fb6ee7806531e47a024bd9581f8972) Importer(815301076,1909f56bfc062723c751e8b465ee728b)  -> (artifact id: 'a4fa090d675345b8ab102225b707b1d7') in 0.042914 seconds 
========================================================================
Received Import Request.
  Time since last request: 0.000052 seconds.
  path: Assets/PolygonFantasyKingdom/Prefabs/Generic/SM_Generic_Tree_03.prefab
  artifactKey: Guid(de702141d2a89ce4c93857c24ce86c15) Importer(815301076,1909f56bfc062723c751e8b465ee728b)
Start importing Assets/PolygonFantasyKingdom/Prefabs/Generic/SM_Generic_Tree_03.prefab using Guid(de702141d2a89ce4c93857c24ce86c15) Importer(815301076,1909f56bfc062723c751e8b465ee728b)  -> (artifact id: 'b55de3347d4a4ddf13cccddf5b3f3782') in 0.036537 seconds 
========================================================================
Received Import Request.
  Time since last request: 0.000031 seconds.
  path: Assets/PolygonFantasyKingdom/Prefabs/Generic/SM_Generic_Grass_Patch_03.prefab
  artifactKey: Guid(0ea34df2a10c42b40be8e877acda2f65) Importer(815301076,1909f56bfc062723c751e8b465ee728b)
Start importing Assets/PolygonFantasyKingdom/Prefabs/Generic/SM_Generic_Grass_Patch_03.prefab using Guid(0ea34df2a10c42b40be8e877acda2f65) Importer(815301076,1909f56bfc062723c751e8b465ee728b)  -> (artifact id: '281860ea913dc133c704dc17c6a7c446') in 0.045035 seconds 
========================================================================
Received Import Request.
  Time since last request: 0.000060 seconds.
  path: Assets/PolygonFantasyKingdom/Prefabs/Generic/SM_Generic_Grass_Patch_01.prefab
  artifactKey: Guid(c97249061602607499e14777fbd7b065) Importer(815301076,1909f56bfc062723c751e8b465ee728b)
Start importing Assets/PolygonFantasyKingdom/Prefabs/Generic/SM_Generic_Grass_Patch_01.prefab using Guid(c97249061602607499e14777fbd7b065) Importer(815301076,1909f56bfc062723c751e8b465ee728b)  -> (artifact id: '9b19f2eab9c0f0fa804c94a14137bb39') in 0.046961 seconds 
========================================================================
Received Import Request.
  Time since last request: 0.000046 seconds.
  path: Assets/PolygonFantasyKingdom/Prefabs/Generic/SM_Generic_TreeDead_01.prefab
  artifactKey: Guid(84441d02811742b4aa22919abc039bcf) Importer(815301076,1909f56bfc062723c751e8b465ee728b)
Start importing Assets/PolygonFantasyKingdom/Prefabs/Generic/SM_Generic_TreeDead_01.prefab using Guid(84441d02811742b4aa22919abc039bcf) Importer(815301076,1909f56bfc062723c751e8b465ee728b)  -> (artifact id: 'a1eb0d63d41b97bae4b93da5ab4ccacc') in 0.048226 seconds 
========================================================================
Received Import Request.
  Time since last request: 0.000077 seconds.
  path: Assets/PolygonFantasyKingdom/Prefabs/Generic/SM_Generic_Tree_02.prefab
  artifactKey: Guid(634d59ffe836de04c96be01de6904b85) Importer(815301076,1909f56bfc062723c751e8b465ee728b)
Start importing Assets/PolygonFantasyKingdom/Prefabs/Generic/SM_Generic_Tree_02.prefab using Guid(634d59ffe836de04c96be01de6904b85) Importer(815301076,1909f56bfc062723c751e8b465ee728b)  -> (artifact id: 'ca72d1523f74b23970aa9d121a7b087c') in 0.047546 seconds 
========================================================================
Received Import Request.
  Time since last request: 0.000027 seconds.
  path: Assets/PolygonFantasyKingdom/Prefabs/Generic/SM_Generic_Tree_04.prefab
  artifactKey: Guid(86a9e997ee755984faaf7773f4eb0692) Importer(815301076,1909f56bfc062723c751e8b465ee728b)
Start importing Assets/PolygonFantasyKingdom/Prefabs/Generic/SM_Generic_Tree_04.prefab using Guid(86a9e997ee755984faaf7773f4eb0692) Importer(815301076,1909f56bfc062723c751e8b465ee728b)  -> (artifact id: '7207f49fa864a0140e9524524bdecca9') in 0.042971 seconds 
========================================================================
Received Import Request.
  Time since last request: 0.000065 seconds.
  path: Assets/PolygonFantasyKingdom/Prefabs/Generic/SM_Generic_TreeStump_01.prefab
  artifactKey: Guid(e02cf2ee8d0ab1d458be20224b369056) Importer(815301076,1909f56bfc062723c751e8b465ee728b)
Start importing Assets/PolygonFantasyKingdom/Prefabs/Generic/SM_Generic_TreeStump_01.prefab using Guid(e02cf2ee8d0ab1d458be20224b369056) Importer(815301076,1909f56bfc062723c751e8b465ee728b)  -> (artifact id: '57e9d57a6e0990b31a14a39bd7bfa560') in 0.053327 seconds 
========================================================================
Received Import Request.
  Time since last request: 0.000057 seconds.
  path: Assets/PolygonFantasyKingdom/Prefabs/Generic/SM_Generic_Mountains_Grass_01.prefab
  artifactKey: Guid(9558b56ef0b89dd408cb6b1e57367887) Importer(815301076,1909f56bfc062723c751e8b465ee728b)
Start importing Assets/PolygonFantasyKingdom/Prefabs/Generic/SM_Generic_Mountains_Grass_01.prefab using Guid(9558b56ef0b89dd408cb6b1e57367887) Importer(815301076,1909f56bfc062723c751e8b465ee728b)  -> (artifact id: '491d5807716d02c884820787b6365924') in 0.046909 seconds 
Editor requested this worker to shutdown with reason: Scaling down because of idle timeout
AssetImportWorker is now disconnected from the server
Process exiting
Exiting without the bug reporter. Application will terminate with return code 0